<?xml version="1.0" encoding="UTF-8"?>
<testng-results skipped="0" failed="0" ignored="0" total="1" passed="1">
  <reporter-output>
  </reporter-output>
  <suite name="com.QACart.Academy.Tests.InfoTest" duration-ms="2781" started-at="2023-08-31T12:43:41Z" finished-at="2023-08-31T12:43:44Z">
    <groups>
    </groups>
    <test name="Command line test" duration-ms="2781" started-at="2023-08-31T12:43:41Z" finished-at="2023-08-31T12:43:44Z">
      <class name="com.QACart.Academy.Tests.InfoTest">
        <test-method status="PASS" signature="ShouldBeAbleToGetCourses()[pri:0, instance:com.QACart.Academy.Tests.InfoTest@511baa65]" name="ShouldBeAbleToGetCourses" duration-ms="2759" started-at="2023-08-31T12:43:41Z" finished-at="2023-08-31T12:43:44Z">
          <reporter-output>
          </reporter-output>
        </test-method> <!-- ShouldBeAbleToGetCourses -->
      </class> <!-- com.QACart.Academy.Tests.InfoTest -->
    </test> <!-- Command line test -->
  </suite> <!-- com.QACart.Academy.Tests.InfoTest -->
</testng-results>
